ggpht.cn
ggpht.com
gstatic.com
googlevideo.com
jnn-pa.googleapis.com
lh3.googleusercontent.com
lh5.googleusercontent.com
notifications-pa.googleapis.com
research.uber.com
returnyoutubedislikeapi.com
rpt.usuppliers.uber.com
rr3.sn-pouxga5o-vu2l.gvt1.com
rr3.sn-pouxga5o-vu2s.gvt1.com
suggestqueries.google.com
video-analytics.google.com
wide-youtube.l.google.com
withyoutube.com
youtu.be
youtube-nocookie.com
youtube-ui.l.google.com
youtube.com
youtube.googleapis.com
youtube.ru
youtubeeducation.com
youtubeembeddedplayer.googleapis.com
youtubefanfest.com
youtubegaming.com
youtubego.com
youtubei.googleapis.com
youtubekids.com
youtubemobilesupport.com
yt1.googleusercontent.com
yt2.googleusercontent.com
yt3.googleusercontent.com
ytimg.com
